2024-03-31 21:49:51,951 - INFO - Fetching housing data...
2024-03-31 21:49:52,171 - INFO - Loading housing data...
2024-03-31 21:49:52,184 - INFO - Splitting housing data into train and test sets...
2024-03-31 21:49:52,191 - INFO - Preprocessing training data...
2024-03-31 21:49:52,211 - INFO - Preprocessing testing data...
2024-03-31 21:49:52,218 - INFO - Saving preprocessed data to CSV files...
2024-03-31 21:49:52,313 - INFO - Data ingestion completed!
2024-03-31 21:50:04,305 - INFO - Fetching housing data...
2024-03-31 21:50:04,430 - INFO - Loading housing data...
2024-03-31 21:50:04,441 - INFO - Splitting housing data into train and test sets...
2024-03-31 21:50:04,451 - INFO - Preprocessing training data...
2024-03-31 21:50:04,471 - INFO - Preprocessing testing data...
2024-03-31 21:50:04,478 - INFO - Saving preprocessed data to CSV files...
2024-03-31 21:50:04,574 - INFO - Data ingestion completed!
2024-03-31 21:51:17,041 - INFO - Fetching housing data...
2024-03-31 21:51:17,109 - INFO - Loading housing data...
2024-03-31 21:51:17,121 - INFO - Splitting housing data into train and test sets...
2024-03-31 21:51:17,136 - INFO - Preprocessing training data...
2024-03-31 21:51:17,167 - INFO - Preprocessing testing data...
2024-03-31 21:51:17,176 - INFO - Saving preprocessed data to CSV files...
2024-03-31 21:51:17,271 - INFO - Data ingestion completed!
2024-03-31 21:52:41,039 - INFO - Fetching housing data...
2024-03-31 21:52:41,126 - INFO - Loading housing data...
2024-03-31 21:52:41,138 - INFO - Splitting housing data into train and test sets...
2024-03-31 21:52:41,148 - INFO - Preprocessing training data...
2024-03-31 21:52:41,166 - INFO - Preprocessing testing data...
2024-03-31 21:52:41,173 - INFO - Saving preprocessed data to CSV files...
2024-03-31 21:52:41,267 - INFO - Data ingestion completed!
2024-03-31 21:53:08,107 - INFO - Fetching housing data...
2024-03-31 21:53:08,189 - INFO - Loading housing data...
2024-03-31 21:53:08,201 - INFO - Splitting housing data into train and test sets...
2024-03-31 21:53:08,209 - INFO - Preprocessing training data...
2024-03-31 21:53:08,228 - INFO - Preprocessing testing data...
2024-03-31 21:53:08,236 - INFO - Saving preprocessed data to CSV files...
2024-03-31 21:53:08,338 - INFO - Data ingestion completed!
2024-03-31 21:53:15,013 - INFO - Fetching housing data...
2024-03-31 21:53:15,101 - INFO - Loading housing data...
2024-03-31 21:53:15,114 - INFO - Splitting housing data into train and test sets...
2024-03-31 21:53:15,123 - INFO - Preprocessing training data...
2024-03-31 21:53:15,142 - INFO - Preprocessing testing data...
2024-03-31 21:53:15,151 - INFO - Saving preprocessed data to CSV files...
2024-03-31 21:53:15,246 - INFO - Data ingestion completed!
2024-03-31 21:58:37,379 - INFO - Fetching housing data...
2024-03-31 21:58:37,764 - INFO - Loading housing data...
2024-03-31 21:58:37,777 - INFO - Splitting housing data into train and test sets...
2024-03-31 21:58:37,790 - INFO - Preprocessing training data...
2024-03-31 21:58:37,812 - INFO - Preprocessing testing data...
2024-03-31 21:58:37,819 - INFO - Saving preprocessed data to CSV files...
2024-03-31 21:58:37,924 - INFO - Data ingestion completed!
